<?xml version="1.0" encoding="UTF-8"?>
<!-- Generated by org.testng.reporters.JUnitReportReporter -->
<testsuite hostname="LAPTOP-AIMTR4UR" failures="0" tests="1" name="d04_02_2022.Zadatak1" time="23.766" errors="0" timestamp="2022-02-06T20:23:28 CET" skipped="0">
  <testcase classname="d04_02_2022.Zadatak1" name="proveraSortiranjaCene" time="23.766"/>
  <system-out/>
</testsuite> <!-- d04_02_2022.Zadatak1 -->
